<?xml version="1.0" encoding="UTF-8"?>
<!-- Generated by org.testng.reporters.JUnitReportReporter -->
<testsuite hostname="Saikiran-Tata" failures="0" tests="1" name="Automation.AmazonAutomation" time="2.690" errors="0" timestamp="2023-06-09T15:56:55 IST" skipped="0">
  <testcase classname="Automation.AmazonAutomation" name="SignIn" time="2.690"/>
  <system-out/>
</testsuite> <!-- Automation.AmazonAutomation -->
